<?xml version="1.0" encoding="UTF-8"?>
<testng-results ignored="0" total="2" passed="2" failed="0" skipped="0">
  <reporter-output>
  </reporter-output>
  <suite started-at="2024-09-11T09:23:36 IST" name="Surefire suite" finished-at="2024-09-11T09:24:02 IST" duration-ms="26182">
    <groups>
      <group name="cucumber">
        <method signature="AbstractTestNGCucumberTests.runScenario(io.cucumber.testng.PickleWrapper,io.cucumber.testng.FeatureWrapper)[pri:0, instance:cucumberOptions.TestNGTestRunner@3eb7fc54]" name="runScenario" class="io.cucumber.testng.AbstractTestNGCucumberTests"/>
      </group> <!-- cucumber -->
    </groups>
    <test started-at="2024-09-11T09:23:36 IST" name="Surefire test" finished-at="2024-09-11T09:24:02 IST" duration-ms="26182">
      <class name="cucumberOptions.TestNGTestRunner">
        <test-method is-config="true" signature="setUpClass(org.testng.ITestContext)[pri:0, instance:cucumberOptions.TestNGTestRunner@3eb7fc54]" started-at="2024-09-11T09:23:36 IST" name="setUpClass" finished-at="2024-09-11T09:23:38 IST" duration-ms="1559" status="PASS">
          <params>
            <param index="0">
              <value>
                <![CDATA[org.testng.TestRunner@1eaf1e62]]>
              </value>
            </param>
          </params>
          <reporter-output>
          </reporter-output>
        </test-method> <!-- setUpClass -->
        <test-method signature="runScenario(io.cucumber.testng.PickleWrapper,io.cucumber.testng.FeatureWrapper)[pri:0, instance:cucumberOptions.TestNGTestRunner@3eb7fc54]" started-at="2024-09-11T09:23:38 IST" name="runScenario" description="Runs Cucumber Scenarios" data-provider="scenarios" finished-at="2024-09-11T09:24:02 IST" duration-ms="23983" status="PASS">
          <params>
            <param index="0">
              <value>
                <![CDATA["Product Search and Order Placemnent"]]>
              </value>
            </param>
            <param index="1">
              <value>
                <![CDATA["Search for Products and Place order"]]>
              </value>
            </param>
          </params>
          <reporter-output>
          </reporter-output>
        </test-method> <!-- runScenario -->
        <test-method signature="runScenario(io.cucumber.testng.PickleWrapper,io.cucumber.testng.FeatureWrapper)[pri:0, instance:cucumberOptions.TestNGTestRunner@3eb7fc54]" started-at="2024-09-11T09:23:38 IST" name="runScenario" description="Runs Cucumber Scenarios" data-provider="scenarios" finished-at="2024-09-11T09:24:02 IST" duration-ms="23911" status="PASS">
          <params>
            <param index="0">
              <value>
                <![CDATA["Product Search and Order Placemnent"]]>
              </value>
            </param>
            <param index="1">
              <value>
                <![CDATA["Search for Products and Place order"]]>
              </value>
            </param>
          </params>
          <reporter-output>
          </reporter-output>
        </test-method> <!-- runScenario -->
        <test-method is-config="true" signature="tearDownClass()[pri:0, instance:cucumberOptions.TestNGTestRunner@3eb7fc54]" started-at="2024-09-11T09:24:02 IST" name="tearDownClass" finished-at="2024-09-11T09:24:02 IST" duration-ms="562" status="PASS">
          <reporter-output>
          </reporter-output>
        </test-method> <!-- tearDownClass -->
      </class> <!-- cucumberOptions.TestNGTestRunner -->
    </test> <!-- Surefire test -->
  </suite> <!-- Surefire suite -->
</testng-results>
