<?xml version="1.0" encoding="UTF-8"?>
<!-- Generated by org.testng.reporters.JUnitReportReporter -->
<testsuite hostname="DESKTOP-VO83SOT" failures="1" tests="4" name="cucumberOptions.TestNGTestRunner" time="109.716" errors="0" timestamp="2024-09-10T09:47:51 IST" skipped="0">
  <testcase classname="cucumberOptions.TestNGTestRunner" name="runScenario" time="27.416">
    <failure message="expected [Beetroot] but found [No data]" type="java.lang.AssertionError">
      <![CDATA[java.lang.AssertionError: expected [Beetroot] but found [No data]
at org.testng.Assert.fail(Assert.java:111)
at org.testng.Assert.failNotEquals(Assert.java:1578)
at org.testng.Assert.assertEqualsImpl(Assert.java:150)
at org.testng.Assert.assertEquals(Assert.java:132)
at org.testng.Assert.assertEquals(Assert.java:656)
at org.testng.Assert.assertEquals(Assert.java:666)
at stepDefinitions.OfferPageStepDefinition.validate_product_name_in_offers_page_matches_with_landing_page(OfferPageStepDefinition.java:51)
at ✽.Validate product name in offers page matches with landing page(file:///D:/Eclipse-Workbench/CucumberFrameworkDesign/src/test/java/features/searchProduct.feature:8)
]]>
    </failure>
  </testcase> <!-- runScenario -->
  <testcase classname="cucumberOptions.TestNGTestRunner" name="runScenario" time="27.571"/>
  <testcase classname="cucumberOptions.TestNGTestRunner" name="runScenario" time="27.345"/>
  <testcase classname="cucumberOptions.TestNGTestRunner" name="runScenario" time="27.384"/>
</testsuite> <!-- cucumberOptions.TestNGTestRunner -->
